TN:
SF:/Users/arup/projects/angular/client1/src/polyfills.ts
FNF:0
FNH:0
DA:75,1
LF:1
LH:1
BRF:0
BRH:0
end_of_record
TN:
SF:/Users/arup/projects/angular/client1/src/test.ts
FNF:0
FNH:0
DA:6,1
DA:7,1
DA:8,1
DA:16,1
DA:21,1
DA:23,1
LF:6
LH:6
BRF:0
BRH:0
end_of_record
TN:
SF:/Users/arup/projects/angular/client1/src/app/app.component.ts
FN:19,AppComponent
FN:27,(anonymous_4)
FN:42,(anonymous_5)
FN:48,(anonymous_6)
FN:55,(anonymous_7)
FN:56,(anonymous_8)
FN:58,(anonymous_9)
FNF:7
FNH:1
FNDA:1,AppComponent
FNDA:0,(anonymous_4)
FNDA:0,(anonymous_5)
FNDA:0,(anonymous_6)
FNDA:0,(anonymous_7)
FNDA:0,(anonymous_8)
FNDA:0,(anonymous_9)
DA:1,1
DA:2,1
DA:3,1
DA:4,1
DA:5,1
DA:6,1
DA:8,1
DA:9,1
DA:11,1
DA:18,1
DA:20,1
DA:21,1
DA:22,1
DA:23,1
DA:24,1
DA:27,1
DA:30,0
DA:33,0
DA:36,0
DA:41,0
DA:42,0
DA:46,0
DA:49,0
DA:51,0
DA:53,0
DA:55,0
DA:56,0
DA:59,0
DA:61,0
DA:65,1
LF:30
LH:17
BRF:0
BRH:0
end_of_record
TN:
SF:/Users/arup/projects/angular/client1/src/app/about/about.component.ts
FN:13,AboutComponent
FN:15,(anonymous_4)
FNF:2
FNH:2
FNDA:1,AboutComponent
FNDA:1,(anonymous_4)
DA:1,1
DA:3,1
DA:10,1
DA:11,1
DA:15,1
DA:16,1
LF:6
LH:6
BRF:0
BRH:0
end_of_record
TN:
SF:/Users/arup/projects/angular/client1/src/app/core/core.module.ts
FN:41,CoreModule
FNF:1
FNH:1
FNDA:5,CoreModule
DA:1,1
DA:2,1
DA:3,1
DA:8,1
DA:9,1
DA:10,1
DA:11,1
DA:12,1
DA:13,1
DA:14,1
DA:15,1
DA:16,1
DA:17,1
DA:18,1
DA:40,1
DA:44,0
DA:49,1
LF:17
LH:16
BRF:0
BRH:0
end_of_record
TN:
SF:/Users/arup/projects/angular/client1/src/app/core/i18n.service.ts
FN:18,extract
FN:27,I18nService
FN:39,(anonymous_5)
FN:44,(anonymous_6)
FN:85,(anonymous_7)
FN:55,(anonymous_8)
FN:66,(anonymous_9)
FNF:7
FNH:7
FNDA:1,extract
FNDA:11,I18nService
FNDA:6,(anonymous_5)
FNDA:3,(anonymous_6)
FNDA:7,(anonymous_7)
FNDA:9,(anonymous_8)
FNDA:6,(anonymous_9)
DA:1,1
DA:2,1
DA:3,1
DA:5,1
DA:6,1
DA:7,1
DA:9,1
DA:10,1
DA:18,1
DA:19,1
DA:23,1
DA:27,11
DA:29,11
DA:30,11
DA:39,1
DA:40,6
DA:41,6
DA:42,6
DA:44,6
DA:45,3
DA:56,9
DA:60,9
DA:64,2
DA:65,2
DA:67,6
DA:69,2
DA:74,1
DA:77,9
DA:78,9
DA:86,7
DA:88,1
LF:31
LH:31
BRDA:57,0,0,9
BRDA:57,0,1,6
BRDA:57,0,2,5
BRDA:63,1,0,9
BRDA:63,1,1,9
BRDA:66,2,0,2
BRDA:66,2,1,1
BRF:7
BRH:7
end_of_record
TN:
SF:/Users/arup/projects/angular/client1/src/app/core/index.ts
FNF:0
FNH:0
DA:1,1
DA:2,1
DA:3,1
DA:4,1
DA:5,1
DA:6,1
DA:7,1
DA:8,1
DA:9,1
DA:10,1
DA:11,1
DA:12,1
LF:12
LH:12
BRF:0
BRH:0
end_of_record
TN:
SF:/Users/arup/projects/angular/client1/src/app/core/logger.service.ts
FN:37,(anonymous_0)
FN:74,Logger
FN:70,(anonymous_3)
FN:80,(anonymous_4)
FN:88,(anonymous_5)
FN:96,(anonymous_6)
FN:104,(anonymous_7)
FN:108,(anonymous_8)
FN:114,(anonymous_9)
FNF:9
FNH:9
FNDA:1,(anonymous_0)
FNDA:9,Logger
FNDA:1,(anonymous_3)
FNDA:48,(anonymous_4)
FNDA:2,(anonymous_5)
FNDA:2,(anonymous_6)
FNDA:3,(anonymous_7)
FNDA:55,(anonymous_8)
FNDA:8,(anonymous_9)
DA:37,1
DA:38,1
DA:39,1
DA:40,1
DA:41,1
DA:42,1
DA:54,1
DA:59,1
DA:64,1
DA:70,1
DA:71,1
DA:74,9
DA:80,96
DA:81,48
DA:88,4
DA:89,2
DA:96,4
DA:97,2
DA:104,9
DA:105,3
DA:108,55
DA:110,53
DA:113,53
DA:114,53
DA:115,8
DA:119,1
LF:26
LH:26
BRDA:37,0,0,1
BRDA:37,0,1,1
BRDA:111,1,0,53
BRDA:111,1,1,0
BRF:4
BRH:3
end_of_record
TN:
SF:/Users/arup/projects/angular/client1/src/app/core/route-reusable-strategy.ts
FN:12,(anonymous_6)
FN:13,(anonymous_8)
FN:17,(anonymous_9)
FN:22,(anonymous_10)
FN:26,(anonymous_11)
FN:30,(anonymous_12)
FNF:6
FNH:1
FNDA:1,(anonymous_6)
FNDA:0,(anonymous_8)
FNDA:0,(anonymous_9)
FNDA:0,(anonymous_10)
FNDA:0,(anonymous_11)
FNDA:0,(anonymous_12)
DA:1,1
DA:12,1
DA:13,1
DA:14,0
DA:17,1
DA:22,1
DA:23,0
DA:26,1
DA:27,0
DA:30,1
DA:34,0
DA:36,1
LF:12
LH:8
BRDA:34,0,0,0
BRDA:34,0,1,0
BRF:2
BRH:0
end_of_record
TN:
SF:/Users/arup/projects/angular/client1/src/app/core/authentication/authentication.guard.ts
FN:16,AuthenticationGuard
FN:21,(anonymous_4)
FNF:2
FNH:2
FNDA:4,AuthenticationGuard
FNDA:3,(anonymous_4)
DA:1,1
DA:2,1
DA:9,1
DA:10,1
DA:12,1
DA:15,1
DA:17,4
DA:18,4
DA:21,1
DA:26,1
DA:29,2
DA:30,2
DA:34,2
DA:36,1
LF:14
LH:14
BRF:0
BRH:0
end_of_record
TN:
SF:/Users/arup/projects/angular/client1/src/app/core/authentication/authentication.service.mock.ts
FN:5,(anonymous_0)
FN:11,(anonymous_2)
FN:18,(anonymous_3)
FN:23,(anonymous_4)
FNF:4
FNH:2
FNDA:7,(anonymous_0)
FNDA:0,(anonymous_2)
FNDA:0,(anonymous_3)
FNDA:3,(anonymous_4)
DA:1,1
DA:5,1
DA:6,6
DA:11,1
DA:12,0
DA:18,1
DA:19,0
DA:20,0
DA:23,1
DA:24,3
DA:26,1
LF:11
LH:8
BRF:0
BRH:0
end_of_record
TN:
SF:/Users/arup/projects/angular/client1/src/app/core/authentication/authentication.service.ts
FN:26,AuthenticationService
FN:40,(anonymous_4)
FN:54,(anonymous_5)
FN:64,(anonymous_6)
FN:72,(anonymous_7)
FN:83,(anonymous_8)
FNF:6
FNH:6
FNDA:7,AuthenticationService
FNDA:6,(anonymous_4)
FNDA:2,(anonymous_5)
FNDA:6,(anonymous_6)
FNDA:12,(anonymous_7)
FNDA:8,(anonymous_8)
DA:1,1
DA:2,1
DA:16,1
DA:23,1
DA:28,7
DA:31,0
DA:40,1
DA:46,6
DA:47,6
DA:54,1
DA:56,2
DA:57,2
DA:64,1
DA:65,6
DA:73,12
DA:83,1
DA:84,8
DA:87,6
DA:88,6
DA:90,2
DA:91,2
DA:94,1
LF:22
LH:21
BRDA:28,0,0,7
BRDA:28,0,1,7
BRDA:84,1,0,8
BRDA:84,1,1,2
BRDA:87,2,0,2
BRDA:87,2,1,4
BRF:6
BRH:6
end_of_record
TN:
SF:/Users/arup/projects/angular/client1/src/app/core/http/api-prefix.interceptor.ts
FN:16,ApiPrefixInterceptor
FN:17,(anonymous_3)
FNF:2
FNH:2
FNDA:8,ApiPrefixInterceptor
FNDA:7,(anonymous_3)
DA:1,1
DA:10,1
DA:16,1
DA:17,1
DA:22,6
DA:24,7
DA:26,1
LF:7
LH:7
BRF:0
BRH:0
end_of_record
TN:
SF:/Users/arup/projects/angular/client1/src/app/core/http/cache.interceptor.ts
FN:21,CacheInterceptor
FN:28,(anonymous_4)
FN:36,(anonymous_5)
FN:44,(anonymous_6)
FN:54,(anonymous_7)
FN:60,(anonymous_8)
FN:61,(anonymous_9)
FNF:7
FNH:7
FNDA:11,CacheInterceptor
FNDA:6,(anonymous_4)
FNDA:5,(anonymous_5)
FNDA:5,(anonymous_6)
FNDA:7,(anonymous_7)
FNDA:1,(anonymous_8)
FNDA:3,(anonymous_9)
DA:1,1
DA:2,1
DA:9,1
DA:11,1
DA:18,1
DA:19,11
DA:21,11
DA:28,1
DA:29,6
DA:31,2
DA:33,6
DA:36,5
DA:41,0
DA:44,5
DA:45,5
DA:50,1
DA:51,1
DA:53,4
DA:56,3
DA:58,7
DA:60,1
DA:61,3
DA:66,1
LF:23
LH:22
BRDA:30,0,0,6
BRDA:30,0,1,3
BRDA:46,1,0,1
BRDA:46,1,1,4
BRF:4
BRH:4
end_of_record
TN:
SF:/Users/arup/projects/angular/client1/src/app/core/http/error-handler.interceptor.ts
FN:20,ErrorHandlerInterceptor
FN:21,(anonymous_3)
FN:27,(anonymous_4)
FN:31,(anonymous_5)
FNF:4
FNH:4
FNDA:7,ErrorHandlerInterceptor
FNDA:6,(anonymous_3)
FNDA:1,(anonymous_4)
FNDA:1,(anonymous_5)
DA:1,1
DA:9,1
DA:11,1
DA:12,1
DA:14,1
DA:20,1
DA:21,6
DA:25,6
DA:27,1
DA:31,1
DA:34,1
DA:36,1
DA:38,1
LF:13
LH:13
BRF:0
BRH:0
end_of_record
TN:
SF:/Users/arup/projects/angular/client1/src/app/core/http/http-cache.service.ts
FN:23,HttpCacheService
FN:33,(anonymous_4)
FN:47,(anonymous_5)
FN:63,(anonymous_6)
FN:71,(anonymous_7)
FN:81,(anonymous_8)
FN:83,(anonymous_9)
FN:100,(anonymous_10)
FN:109,(anonymous_11)
FN:115,(anonymous_12)
FNF:10
FNH:10
FNDA:25,HttpCacheService
FNDA:21,(anonymous_4)
FNDA:24,(anonymous_5)
FNDA:4,(anonymous_6)
FNDA:2,(anonymous_7)
FNDA:29,(anonymous_8)
FNDA:3,(anonymous_9)
FNDA:6,(anonymous_10)
FNDA:52,(anonymous_11)
FNDA:31,(anonymous_12)
DA:1,1
DA:3,1
DA:5,1
DA:7,1
DA:8,1
DA:19,1
DA:20,25
DA:21,25
DA:24,25
DA:33,1
DA:34,21
DA:38,21
DA:39,21
DA:47,1
DA:48,24
DA:51,12
DA:52,12
DA:55,12
DA:63,1
DA:64,4
DA:71,1
DA:72,2
DA:73,2
DA:74,2
DA:81,29
DA:83,2
DA:85,2
DA:89,27
DA:91,29
DA:100,1
DA:101,6
DA:102,6
DA:106,6
DA:109,1
DA:111,2
DA:115,1
DA:116,31
DA:117,31
DA:119,1
LF:39
LH:39
BRDA:35,0,0,21
BRDA:35,0,1,18
BRDA:64,1,0,4
BRDA:64,1,1,1
BRDA:104,2,0,3
BRDA:104,2,1,3
BRDA:103,3,0,6
BRDA:103,3,1,4
BRDA:116,4,0,3
BRDA:116,4,1,28
BRDA:117,5,0,0
BRDA:117,5,1,31
BRF:12
BRH:11
end_of_record
TN:
SF:/Users/arup/projects/angular/client1/src/app/core/http/http.service.ts
FN:49,(anonymous_10)
FN:50,HttpInterceptorHandler
FN:55,(anonymous_12)
FN:77,HttpService
FN:95,(anonymous_15)
FN:102,(anonymous_16)
FN:106,(anonymous_17)
FN:111,(anonymous_18)
FN:113,(anonymous_19)
FN:119,(anonymous_20)
FN:123,(anonymous_21)
FN:127,(anonymous_22)
FNF:12
FNH:12
FNDA:1,(anonymous_10)
FNDA:11,HttpInterceptorHandler
FNDA:11,(anonymous_12)
FNDA:9,HttpService
FNDA:1,(anonymous_15)
FNDA:1,(anonymous_16)
FNDA:1,(anonymous_17)
FNDA:6,(anonymous_18)
FNDA:11,(anonymous_19)
FNDA:2,(anonymous_20)
FNDA:4,(anonymous_21)
FNDA:1,(anonymous_22)
DA:1,1
DA:8,1
DA:17,1
DA:18,1
DA:19,1
DA:49,1
DA:51,11
DA:52,11
DA:55,1
DA:56,11
DA:58,1
DA:68,1
DA:76,1
DA:78,9
DA:79,9
DA:82,9
DA:84,9
DA:88,6
DA:95,1
DA:96,1
DA:99,1
DA:102,1
DA:103,1
DA:106,1
DA:107,1
DA:111,1
DA:112,6
DA:113,11
DA:116,6
DA:119,1
DA:120,2
DA:123,4
DA:127,1
DA:128,1
DA:134,1
LF:35
LH:35
BRDA:82,0,0,0
BRDA:82,0,1,9
BRDA:84,1,0,9
BRDA:84,1,1,9
BRF:4
BRH:3
end_of_record
TN:
SF:/Users/arup/projects/angular/client1/src/app/login/login.component.ts
FN:22,LoginComponent
FN:32,(anonymous_4)
FN:34,(anonymous_5)
FN:39,(anonymous_6)
FN:45,(anonymous_7)
FN:47,(anonymous_8)
FN:51,(anonymous_9)
FN:58,(anonymous_10)
FN:62,(anonymous_11)
FN:66,(anonymous_12)
FN:70,(anonymous_13)
FNF:11
FNH:5
FNDA:1,LoginComponent
FNDA:1,(anonymous_4)
FNDA:0,(anonymous_5)
FNDA:0,(anonymous_6)
FNDA:0,(anonymous_7)
FNDA:0,(anonymous_8)
FNDA:0,(anonymous_9)
FNDA:0,(anonymous_10)
FNDA:2,(anonymous_11)
FNDA:2,(anonymous_12)
FNDA:1,(anonymous_13)
DA:1,1
DA:2,1
DA:3,1
DA:4,1
DA:6,1
DA:7,1
DA:9,1
DA:16,1
DA:17,1
DA:20,1
DA:23,1
DA:24,1
DA:25,1
DA:26,1
DA:27,1
DA:29,1
DA:32,1
DA:34,1
DA:35,0
DA:36,0
DA:40,0
DA:41,0
DA:46,0
DA:47,0
DA:48,0
DA:52,0
DA:53,0
DA:58,1
DA:59,0
DA:63,2
DA:67,2
DA:70,1
DA:71,1
DA:77,1
LF:34
LH:24
BRDA:48,0,0,0
BRDA:48,0,1,0
BRF:2
BRH:0
end_of_record
TN:
SF:/Users/arup/projects/angular/client1/src/app/product/product.component.ts
FN:17,ProductComponent
FN:19,(anonymous_4)
FN:24,(anonymous_5)
FN:28,(anonymous_6)
FNF:4
FNH:2
FNDA:1,ProductComponent
FNDA:1,(anonymous_4)
FNDA:0,(anonymous_5)
FNDA:0,(anonymous_6)
DA:1,1
DA:2,1
DA:4,1
DA:11,1
DA:14,1
DA:15,1
DA:17,1
DA:19,1
DA:20,1
DA:21,1
DA:25,0
DA:29,0
DA:32,1
LF:13
LH:11
BRF:0
BRH:0
end_of_record
TN:
SF:/Users/arup/projects/angular/client1/src/app/product/product.service.ts
FN:7,(anonymous_2)
FN:12,(anonymous_3)
FN:21,ProductService
FN:23,(anonymous_7)
FN:25,(anonymous_8)
FN:29,(anonymous_9)
FN:33,(anonymous_10)
FN:34,(anonymous_11)
FNF:8
FNH:6
FNDA:2,(anonymous_2)
FNDA:1,(anonymous_3)
FNDA:2,ProductService
FNDA:2,(anonymous_7)
FNDA:1,(anonymous_8)
FNDA:0,(anonymous_9)
FNDA:2,(anonymous_10)
FNDA:0,(anonymous_11)
DA:1,1
DA:2,1
DA:3,1
DA:4,1
DA:7,2
DA:12,1
DA:17,1
DA:20,1
DA:21,2
DA:23,1
DA:24,2
DA:25,1
DA:29,1
DA:30,0
DA:33,2
DA:34,2
DA:36,0
DA:39,0
DA:42,0
DA:45,1
LF:20
LH:16
BRDA:33,0,0,0
BRDA:33,0,1,2
BRF:2
BRH:1
end_of_record
TN:
SF:/Users/arup/projects/angular/client1/src/app/shared/index.ts
FNF:0
FNH:0
DA:1,1
DA:2,1
LF:2
LH:2
BRF:0
BRH:0
end_of_record
TN:
SF:/Users/arup/projects/angular/client1/src/app/shared/shared.module.ts
FN:11,SharedModule
FNF:1
FNH:1
FNDA:1,SharedModule
DA:1,1
DA:2,1
DA:4,1
DA:11,1
LF:4
LH:4
BRF:0
BRH:0
end_of_record
TN:
SF:/Users/arup/projects/angular/client1/src/app/shared/loader/loader.component.ts
FN:12,LoaderComponent
FN:14,(anonymous_4)
FNF:2
FNH:2
FNDA:5,LoaderComponent
FNDA:5,(anonymous_4)
DA:1,1
DA:8,1
DA:9,5
DA:10,1
DA:14,1
DA:15,1
LF:6
LH:6
BRF:0
BRH:0
end_of_record
TN:
SF:/Users/arup/projects/angular/client1/src/app/shell/shell.component.ts
FN:9,ShellComponent
FN:11,(anonymous_4)
FNF:2
FNH:2
FNDA:1,ShellComponent
FNDA:1,(anonymous_4)
DA:1,1
DA:8,1
DA:11,1
DA:12,1
LF:4
LH:4
BRF:0
BRH:0
end_of_record
TN:
SF:/Users/arup/projects/angular/client1/src/app/shell/shell.module.ts
FN:14,ShellModule
FNF:1
FNH:1
FNDA:1,ShellModule
DA:1,1
DA:2,1
DA:3,1
DA:4,1
DA:5,1
DA:7,1
DA:8,1
DA:14,1
LF:8
LH:8
BRF:0
BRH:0
end_of_record
TN:
SF:/Users/arup/projects/angular/client1/src/app/shell/shell.service.ts
FN:9,(anonymous_0)
FN:15,(anonymous_2)
FNF:2
FNH:2
FNDA:1,(anonymous_0)
FNDA:1,(anonymous_2)
DA:3,1
DA:4,1
DA:9,1
DA:15,1
DA:16,1
DA:25,1
LF:6
LH:6
BRF:0
BRH:0
end_of_record
TN:
SF:/Users/arup/projects/angular/client1/src/app/shell/header/header.component.ts
FN:14,HeaderComponent
FN:20,(anonymous_4)
FN:22,(anonymous_5)
FN:26,(anonymous_6)
FN:30,(anonymous_7)
FN:33,(anonymous_8)
FN:36,(anonymous_9)
FN:40,(anonymous_10)
FN:44,(anonymous_11)
FNF:9
FNH:5
FNDA:2,HeaderComponent
FNDA:2,(anonymous_4)
FNDA:0,(anonymous_5)
FNDA:0,(anonymous_6)
FNDA:0,(anonymous_7)
FNDA:0,(anonymous_8)
FNDA:4,(anonymous_9)
FNDA:4,(anonymous_10)
FNDA:4,(anonymous_11)
DA:1,1
DA:2,1
DA:4,1
DA:11,1
DA:12,2
DA:15,2
DA:16,2
DA:17,2
DA:20,1
DA:22,1
DA:23,0
DA:26,1
DA:27,0
DA:30,1
DA:31,0
DA:33,0
DA:37,4
DA:41,4
DA:45,4
DA:46,4
DA:48,1
LF:21
LH:17
BRDA:46,0,0,4
BRDA:46,0,1,0
BRF:2
BRH:1
end_of_record
TN:
SF:/Users/arup/projects/angular/client1/src/environments/.env.ts
FNF:0
FNH:0
DA:1,1
LF:1
LH:1
BRF:0
BRH:0
end_of_record
TN:
SF:/Users/arup/projects/angular/client1/src/environments/environment.ts
FNF:0
FNH:0
DA:6,1
DA:8,1
LF:2
LH:2
BRF:0
BRH:0
end_of_record
